[2025-09-01 06:43:26] INFO: getAppointments: Processing appointments...
[2025-09-01 06:43:52] INFO: getAppointments: Processing appointments...
[2025-09-01 06:44:48] INFO: getAppointments: Processing appointments...
[2025-09-01 06:45:12] INFO: getAppointments: Processing appointments...
[2025-09-01 07:51:08] INFO: getAppointments: Processing appointments...
[2025-09-01 07:52:30] INFO: getAppointments: Processing appointments...
[2025-09-01 07:53:40] INFO: getAppointments: Processing appointments...
[2025-09-01 07:57:44] INFO: getAppointments: Processing appointments...
[2025-09-01 07:58:37] INFO: getAppointments: Processing appointments...
[2025-09-01 08:01:57] INFO: getAppointments: Processing appointments...
[2025-09-01 08:02:23] INFO: getAppointments: Processing appointments...
[2025-09-01 08:03:57] INFO: getAppointments: Processing appointments...
[2025-09-01 08:05:06] INFO: getAppointments: Processing appointments...
[2025-09-01 08:05:26] INFO: getAppointments: Processing appointments...
[2025-09-01 08:06:43] INFO: getAppointments: Processing appointments...
[2025-09-01 08:06:53] INFO: getAppointments: Processing appointments...
[2025-09-01 08:08:13] INFO: getAppointments: Processing appointments...
[2025-09-01 08:18:25] INFO: getAppointments: Processing appointments...
[2025-09-01 08:22:45] INFO: getAppointments: Processing appointments...
[2025-09-01 08:23:32] INFO: StoreAppointmentsService: Appointment created successfully
[2025-09-01 08:24:02] INFO: getAppointments: Processing appointments...
[2025-09-01 08:26:28] INFO: StoreAppointmentsService: Appointment created successfully
[2025-09-01 08:26:29] INFO: getAppointments: Processing appointments...
[2025-09-01 08:27:07] INFO: getAppointments: Processing appointments...
[2025-09-01 08:32:11] INFO: getAppointments: Processing appointments...
[2025-09-01 08:32:26] INFO: getAppointments: Processing appointments...
[2025-09-01 08:33:47] INFO: StoreAppointmentsService: Appointment created successfully
[2025-09-01 08:38:33] INFO: getAppointments: Processing appointments...
[2025-09-01 08:39:08] INFO: StoreAppointmentsService: Original user_id | Context: {"user_id":"PAT202503270015"}
[2025-09-01 08:39:08] INFO: StoreAppointmentsService: Cleaned user_id | Context: {"user_id":"PAT202503270015"}
[2025-09-01 08:39:08] INFO: StoreAppointmentsService: Patient found | Context: {"user_id":"PAT202503270015","patient_name":"josh Portugal"}
[2025-09-01 08:39:08] INFO: StoreAppointmentsService: Appointment created successfully
[2025-09-01 08:39:08] INFO: getAppointments: Processing appointments...
[2025-09-01 08:39:26] INFO: getAppointments: Processing appointments...
[2025-09-01 08:41:41] INFO: StoreAppointmentsService: Original user_id | Context: {"user_id":"PAT202504040045"}
[2025-09-01 08:41:41] INFO: StoreAppointmentsService: Cleaned user_id | Context: {"user_id":"PAT202504040045"}
[2025-09-01 08:41:41] INFO: StoreAppointmentsService: Patient found | Context: {"user_id":"PAT202504040045","patient_name":"Lil john Dela cruz"}
[2025-09-01 08:41:41] INFO: StoreAppointmentsService: Appointment created successfully
[2025-09-01 08:41:41] INFO: getAppointments: Processing appointments...
[2025-09-01 08:45:13] INFO: getAppointments: Processing appointments...
[2025-09-01 08:45:43] INFO: getAppointments: Processing appointments...
[2025-09-01 08:46:39] INFO: getAppointments: Processing appointments...
[2025-09-01 08:47:19] INFO: StoreAppointmentsService: Original user_id | Context: {"user_id":"PAT202504040045"}
[2025-09-01 08:47:19] INFO: StoreAppointmentsService: Cleaned user_id | Context: {"user_id":"PAT202504040045"}
[2025-09-01 08:47:19] INFO: StoreAppointmentsService: Patient found | Context: {"user_id":"PAT202504040045","patient_name":"Lil john Dela cruz"}
[2025-09-01 08:47:19] INFO: StoreAppointmentsService: Appointment created successfully
[2025-09-01 08:47:20] INFO: getAppointments: Processing appointments...
[2025-09-01 08:52:19] INFO: getAppointments: Processing appointments...
[2025-09-01 08:52:51] INFO: getAppointments: Processing appointments...
[2025-09-01 08:56:30] INFO: getAppointments: Processing appointments...
[2025-09-01 09:00:45] INFO: getAppointments: Processing appointments...
[2025-09-01 09:02:46] INFO: getAppointments: Processing appointments...
[2025-09-01 09:03:13] INFO: getAppointments: Processing appointments...
[2025-09-01 09:04:33] INFO: getAppointments: Processing appointments...
[2025-09-01 09:05:13] INFO: getAppointments: Processing appointments...
[2025-09-01 09:05:38] INFO: StoreAppointmentsService: Patient found | Context: {"user_id":"PAT202504040045","patient_name":"Lil john Dela cruz"}
[2025-09-01 09:05:38] INFO: StoreAppointmentsService: Appointment created successfully
[2025-09-01 09:05:38] INFO: getAppointments: Processing appointments...
[2025-09-01 09:06:06] INFO: getAppointments: Processing appointments...
[2025-09-01 09:18:28] INFO: getAppointments: Processing appointments...
[2025-09-01 09:19:04] INFO: StoreAppointmentsService: Patient found | Context: {"user_id":"PAT202504040045","patient_name":"Lil john Dela cruz"}
[2025-09-01 09:19:04] INFO: StoreAppointmentsService: Appointment created successfully
[2025-09-01 09:19:05] INFO: getAppointments: Processing appointments...
[2025-09-01 09:20:47] INFO: getAppointments: Processing appointments...
